<?xml version="1.0" encoding="UTF-8"?>
<!-- Generated by org.testng.reporters.JUnitReportReporter -->
<testsuite hostname="AAPC-IN" failures="0" tests="1" name="selenium.PageTest" time="6.317" errors="0" timestamp="2022-02-28T22:07:38 IST" skipped="0">
  <testcase classname="selenium.PageTest" name="testMethod1" time="6.317"/>
  <system-out/>
</testsuite> <!-- selenium.PageTest -->
